<?xml version="1.0" ?>
<!DOCTYPE coverage
  SYSTEM 'http://cobertura.sourceforge.net/xml/coverage-03.dtd'>
<coverage branch-rate="0" line-rate="1" timestamp="1360948777920" version="3.6">
	<!-- Generated by coverage.py: http://nedbatchelder.com/code/coverage -->
	<packages>
		<package branch-rate="0" complexity="0" line-rate="1" name="">
			<classes>
				<class branch-rate="0" complexity="0" filename="src/zope/security/__init__.py" line-rate="1" name="src/zope/security/__init__">
					<methods/>
					<lines>
						<line hits="1" number="14"/>
						<line hits="1" number="17"/>
						<line hits="1" number="18"/>
					</lines>
				</class>
				<class branch-rate="0" complexity="0" filename="src/zope/security/_compat.py" line-rate="1" name="src/zope/security/_compat">
					<methods/>
					<lines>
						<line hits="1" number="14"/>
						<line hits="1" number="16"/>
						<line hits="1" number="17"/>
						<line hits="1" number="55"/>
					</lines>
				</class>
				<class branch-rate="0" complexity="0" filename="src/zope/security/_definitions.py" line-rate="1" name="src/zope/security/_definitions">
					<methods/>
					<lines>
						<line hits="1" number="14"/>
						<line hits="1" number="16"/>
						<line hits="1" number="17"/>
						<line hits="1" number="19"/>
						<line hits="1" number="20"/>
						<line hits="1" number="22"/>
						<line hits="1" number="24"/>
						<line hits="1" number="25"/>
						<line hits="1" number="26"/>
						<line hits="1" number="27"/>
						<line hits="1" number="28"/>
					</lines>
				</class>
				<class branch-rate="0" complexity="0" filename="src/zope/security/adapter.py" line-rate="1" name="src/zope/security/adapter">
					<methods/>
					<lines>
						<line hits="1" number="14"/>
						<line hits="1" number="17"/>
						<line hits="1" number="18"/>
						<line hits="1" number="19"/>
						<line hits="1" number="21"/>
						<line hits="1" number="30"/>
						<line hits="1" number="31"/>
						<line hits="1" number="32"/>
						<line hits="1" number="33"/>
						<line hits="1" number="36"/>
						<line hits="1" number="37"/>
						<line hits="1" number="38"/>
						<line hits="1" number="41"/>
						<line hits="1" number="44"/>
						<line hits="1" number="58"/>
						<line hits="1" number="59"/>
						<line hits="1" number="60"/>
						<line hits="1" number="61"/>
						<line hits="1" number="64"/>
						<line hits="1" number="65"/>
						<line hits="1" number="67"/>
						<line hits="1" number="68"/>
						<line hits="1" number="70"/>
						<line hits="1" number="71"/>
						<line hits="1" number="73"/>
						<line hits="1" number="74"/>
						<line hits="1" number="75"/>
						<line hits="1" number="76"/>
						<line hits="1" number="77"/>
						<line hits="1" number="78"/>
						<line hits="1" number="79"/>
						<line hits="1" number="81"/>
						<line hits="1" number="82"/>
						<line hits="1" number="83"/>
						<line hits="1" number="86"/>
						<line hits="1" number="99"/>
						<line hits="1" number="100"/>
						<line hits="1" number="103"/>
						<line hits="1" number="117"/>
						<line hits="1" number="118"/>
						<line hits="1" number="119"/>
						<line hits="1" number="120"/>
						<line hits="1" number="122"/>
						<line hits="1" number="123"/>
						<line hits="1" number="124"/>
					</lines>
				</class>
				<class branch-rate="0" complexity="0" filename="src/zope/security/checker.py" line-rate="1" name="src/zope/security/checker">
					<methods/>
					<lines>
						<line hits="1" number="14"/>
						<line hits="1" number="26"/>
						<line hits="1" number="27"/>
						<line hits="1" number="28"/>
						<line hits="1" number="29"/>
						<line hits="1" number="30"/>
						<line hits="1" number="31"/>
						<line hits="1" number="32"/>
						<line hits="1" number="34"/>
						<line hits="1" number="35"/>
						<line hits="1" number="36"/>
						<line hits="1" number="37"/>
						<line hits="1" number="38"/>
						<line hits="1" number="39"/>
						<line hits="1" number="40"/>
						<line hits="1" number="41"/>
						<line hits="1" number="42"/>
						<line hits="1" number="44"/>
						<line hits="1" number="45"/>
						<line hits="1" number="46"/>
						<line hits="1" number="47"/>
						<line hits="1" number="48"/>
						<line hits="1" number="49"/>
						<line hits="1" number="50"/>
						<line hits="1" number="51"/>
						<line hits="1" number="52"/>
						<line hits="1" number="53"/>
						<line hits="1" number="54"/>
						<line hits="1" number="56"/>
						<line hits="1" number="57"/>
						<line hits="1" number="68"/>
						<line hits="1" number="71"/>
						<line hits="1" number="76"/>
						<line hits="1" number="77"/>
						<line hits="1" number="78"/>
						<line hits="1" number="87"/>
						<line hits="1" number="89"/>
						<line hits="1" number="90"/>
						<line hits="1" number="92"/>
						<line hits="1" number="93"/>
						<line hits="1" number="94"/>
						<line hits="1" number="95"/>
						<line hits="1" number="97"/>
						<line hits="1" number="99"/>
						<line hits="1" number="101"/>
						<line hits="1" number="107"/>
						<line hits="1" number="108"/>
						<line hits="1" number="109"/>
						<line hits="1" number="110"/>
						<line hits="1" number="111"/>
						<line hits="1" number="112"/>
						<line hits="1" number="113"/>
						<line hits="1" number="124"/>
						<line hits="1" number="125"/>
						<line hits="1" number="128"/>
						<line hits="1" number="129"/>
						<line hits="1" number="130"/>
						<line hits="1" number="133"/>
						<line hits="1" number="135"/>
						<line hits="1" number="143"/>
						<line hits="1" number="144"/>
						<line hits="1" number="145"/>
						<line hits="1" number="146"/>
						<line hits="1" number="147"/>
						<line hits="1" number="148"/>
						<line hits="1" number="151"/>
						<line hits="1" number="153"/>
						<line hits="1" number="154"/>
						<line hits="1" number="156"/>
						<line hits="1" number="170"/>
						<line hits="1" number="171"/>
						<line hits="1" number="172"/>
						<line hits="1" number="173"/>
						<line hits="1" number="174"/>
						<line hits="1" number="175"/>
						<line hits="1" number="176"/>
						<line hits="1" number="178"/>
						<line hits="1" number="180"/>
						<line hits="1" number="182"/>
						<line hits="1" number="184"/>
						<line hits="1" number="185"/>
						<line hits="1" number="188"/>
						<line hits="1" number="190"/>
						<line hits="1" number="191"/>
						<line hits="1" number="193"/>
						<line hits="1" number="195"/>
						<line hits="1" number="196"/>
						<line hits="1" number="197"/>
						<line hits="1" number="198"/>
						<line hits="1" number="199"/>
						<line hits="1" number="201"/>
						<line hits="1" number="202"/>
						<line hits="1" number="204"/>
						<line hits="1" number="205"/>
						<line hits="1" number="207"/>
						<line hits="1" number="209"/>
						<line hits="1" number="210"/>
						<line hits="1" number="211"/>
						<line hits="1" number="212"/>
						<line hits="1" number="213"/>
						<line hits="1" number="214"/>
						<line hits="1" number="216"/>
						<line hits="1" number="217"/>
						<line hits="1" number="218"/>
						<line hits="1" number="219"/>
						<line hits="1" number="221"/>
						<line hits="1" number="222"/>
						<line hits="1" number="223"/>
						<line hits="1" number="225"/>
						<line hits="1" number="227"/>
						<line hits="1" number="229"/>
						<line hits="1" number="230"/>
						<line hits="1" number="231"/>
						<line hits="1" number="232"/>
						<line hits="1" number="233"/>
						<line hits="1" number="234"/>
						<line hits="1" number="235"/>
						<line hits="1" number="237"/>
						<line hits="1" number="238"/>
						<line hits="1" number="242"/>
						<line hits="1" number="244"/>
						<line hits="1" number="245"/>
						<line hits="1" number="247"/>
						<line hits="1" number="248"/>
						<line hits="1" number="249"/>
						<line hits="1" number="250"/>
						<line hits="1" number="251"/>
						<line hits="1" number="252"/>
						<line hits="1" number="255"/>
						<line hits="1" number="258"/>
						<line hits="1" number="259"/>
						<line hits="1" number="260"/>
						<line hits="1" number="261"/>
						<line hits="1" number="264"/>
						<line hits="1" number="267"/>
						<line hits="1" number="270"/>
						<line hits="1" number="278"/>
						<line hits="1" number="282"/>
						<line hits="1" number="283"/>
						<line hits="1" number="285"/>
						<line hits="1" number="286"/>
						<line hits="1" number="288"/>
						<line hits="1" number="289"/>
						<line hits="1" number="293"/>
						<line hits="1" number="294"/>
						<line hits="1" number="298"/>
						<line hits="1" number="299"/>
						<line hits="1" number="300"/>
						<line hits="1" number="301"/>
						<line hits="1" number="307"/>
						<line hits="1" number="316"/>
						<line hits="1" number="317"/>
						<line hits="1" number="318"/>
						<line hits="1" number="319"/>
						<line hits="1" number="320"/>
						<line hits="1" number="321"/>
						<line hits="1" number="323"/>
						<line hits="1" number="325"/>
						<line hits="1" number="326"/>
						<line hits="1" number="328"/>
						<line hits="1" number="345"/>
						<line hits="1" number="347"/>
						<line hits="1" number="348"/>
						<line hits="1" number="349"/>
						<line hits="1" number="350"/>
						<line hits="1" number="351"/>
						<line hits="1" number="352"/>
						<line hits="1" number="353"/>
						<line hits="1" number="354"/>
						<line hits="1" number="355"/>
						<line hits="1" number="357"/>
						<line hits="1" number="358"/>
						<line hits="1" number="359"/>
						<line hits="1" number="360"/>
						<line hits="1" number="362"/>
						<line hits="1" number="364"/>
						<line hits="1" number="381"/>
						<line hits="1" number="386"/>
						<line hits="1" number="387"/>
						<line hits="1" number="389"/>
						<line hits="1" number="390"/>
						<line hits="1" number="391"/>
						<line hits="1" number="392"/>
						<line hits="1" number="394"/>
						<line hits="1" number="395"/>
						<line hits="1" number="397"/>
						<line hits="1" number="398"/>
						<line hits="1" number="400"/>
						<line hits="1" number="401"/>
						<line hits="1" number="407"/>
						<line hits="1" number="408"/>
						<line hits="1" number="410"/>
						<line hits="1" number="411"/>
						<line hits="1" number="412"/>
						<line hits="1" number="414"/>
						<line hits="1" number="415"/>
						<line hits="1" number="417"/>
						<line hits="1" number="429"/>
						<line hits="1" number="431"/>
						<line hits="1" number="432"/>
						<line hits="1" number="435"/>
						<line hits="1" number="436"/>
						<line hits="1" number="440"/>
						<line hits="1" number="441"/>
						<line hits="1" number="442"/>
						<line hits="1" number="443"/>
						<line hits="1" number="444"/>
						<line hits="1" number="447"/>
						<line hits="1" number="449"/>
						<line hits="1" number="450"/>
						<line hits="1" number="467"/>
						<line hits="1" number="469"/>
						<line hits="1" number="472"/>
						<line hits="1" number="474"/>
						<line hits="1" number="476"/>
						<line hits="1" number="477"/>
						<line hits="1" number="478"/>
						<line hits="1" number="479"/>
						<line hits="1" number="480"/>
						<line hits="1" number="481"/>
						<line hits="1" number="482"/>
						<line hits="1" number="483"/>
						<line hits="1" number="485"/>
						<line hits="1" number="487"/>
						<line hits="1" number="489"/>
						<line hits="1" number="490"/>
						<line hits="1" number="491"/>
						<line hits="1" number="492"/>
						<line hits="1" number="493"/>
						<line hits="1" number="494"/>
						<line hits="1" number="495"/>
						<line hits="1" number="496"/>
						<line hits="1" number="498"/>
						<line hits="1" number="508"/>
						<line hits="1" number="509"/>
						<line hits="1" number="511"/>
						<line hits="1" number="512"/>
						<line hits="1" number="513"/>
						<line hits="1" number="515"/>
						<line hits="1" number="516"/>
						<line hits="1" number="517"/>
						<line hits="1" number="518"/>
						<line hits="1" number="519"/>
						<line hits="1" number="520"/>
						<line hits="1" number="523"/>
						<line hits="1" number="525"/>
						<line hits="1" number="526"/>
						<line hits="1" number="528"/>
						<line hits="1" number="529"/>
						<line hits="1" number="530"/>
						<line hits="1" number="532"/>
						<line hits="1" number="534"/>
						<line hits="1" number="535"/>
						<line hits="1" number="536"/>
						<line hits="1" number="537"/>
						<line hits="1" number="538"/>
						<line hits="1" number="539"/>
						<line hits="1" number="543"/>
						<line hits="1" number="546"/>
						<line hits="1" number="547"/>
						<line hits="1" number="549"/>
						<line hits="1" number="550"/>
						<line hits="1" number="551"/>
						<line hits="1" number="553"/>
						<line hits="1" number="555"/>
						<line hits="1" number="556"/>
						<line hits="1" number="557"/>
						<line hits="1" number="558"/>
						<line hits="1" number="559"/>
						<line hits="1" number="561"/>
						<line hits="1" number="562"/>
						<line hits="1" number="564"/>
						<line hits="1" number="565"/>
						<line hits="1" number="566"/>
						<line hits="1" number="568"/>
						<line hits="1" number="577"/>
						<line hits="1" number="578"/>
						<line hits="1" number="580"/>
						<line hits="1" number="581"/>
						<line hits="1" number="584"/>
						<line hits="1" number="592"/>
						<line hits="1" number="593"/>
						<line hits="1" number="596"/>
						<line hits="1" number="598"/>
						<line hits="1" number="600"/>
						<line hits="1" number="608"/>
						<line hits="1" number="613"/>
						<line hits="1" number="614"/>
						<line hits="1" number="615"/>
						<line hits="1" number="617"/>
						<line hits="1" number="618"/>
						<line hits="1" number="619"/>
						<line hits="1" number="621"/>
						<line hits="1" number="623"/>
						<line hits="1" number="625"/>
						<line hits="1" number="626"/>
						<line hits="1" number="627"/>
						<line hits="1" number="629"/>
						<line hits="1" number="645"/>
						<line hits="1" number="646"/>
						<line hits="1" number="647"/>
						<line hits="1" number="649"/>
						<line hits="1" number="650"/>
						<line hits="1" number="651"/>
						<line hits="1" number="652"/>
						<line hits="1" number="656"/>
						<line hits="1" number="657"/>
						<line hits="1" number="660"/>
						<line hits="1" number="675"/>
						<line hits="1" number="676"/>
						<line hits="1" number="677"/>
						<line hits="1" number="684"/>
						<line hits="1" number="696"/>
						<line hits="1" number="751"/>
						<line hits="1" number="752"/>
						<line hits="1" number="753"/>
						<line hits="1" number="755"/>
						<line hits="1" number="756"/>
						<line hits="1" number="757"/>
						<line hits="1" number="758"/>
						<line hits="1" number="760"/>
						<line hits="1" number="761"/>
						<line hits="1" number="762"/>
						<line hits="1" number="763"/>
						<line hits="1" number="765"/>
						<line hits="1" number="767"/>
						<line hits="1" number="768"/>
						<line hits="1" number="772"/>
					</lines>
				</class>
				<class branch-rate="0" complexity="0" filename="src/zope/security/decorator.py" line-rate="1" name="src/zope/security/decorator">
					<methods/>
					<lines>
						<line hits="1" number="14"/>
						<line hits="1" number="20"/>
						<line hits="1" number="21"/>
						<line hits="1" number="22"/>
						<line hits="1" number="24"/>
						<line hits="1" number="25"/>
						<line hits="1" number="26"/>
						<line hits="1" number="27"/>
						<line hits="1" number="30"/>
						<line hits="1" number="33"/>
						<line hits="1" number="34"/>
						<line hits="1" number="35"/>
						<line hits="1" number="37"/>
						<line hits="1" number="38"/>
						<line hits="1" number="39"/>
						<line hits="1" number="41"/>
						<line hits="1" number="42"/>
						<line hits="1" number="43"/>
						<line hits="1" number="44"/>
						<line hits="1" number="45"/>
						<line hits="1" number="46"/>
						<line hits="1" number="49"/>
						<line hits="1" number="50"/>
						<line hits="1" number="51"/>
						<line hits="1" number="52"/>
						<line hits="1" number="54"/>
						<line hits="1" number="56"/>
						<line hits="1" number="57"/>
						<line hits="1" number="60"/>
						<line hits="1" number="63"/>
						<line hits="1" number="66"/>
						<line hits="1" number="76"/>
						<line hits="1" number="77"/>
					</lines>
				</class>
				<class branch-rate="0" complexity="0" filename="src/zope/security/i18n.py" line-rate="1" name="src/zope/security/i18n">
					<methods/>
					<lines>
						<line hits="1" number="14"/>
						<line hits="1" number="16"/>
						<line hits="1" number="19"/>
						<line hits="1" number="20"/>
					</lines>
				</class>
				<class branch-rate="0" complexity="0" filename="src/zope/security/interfaces.py" line-rate="1" name="src/zope/security/interfaces">
					<methods/>
					<lines>
						<line hits="1" number="14"/>
						<line hits="1" number="17"/>
						<line hits="1" number="18"/>
						<line hits="1" number="19"/>
						<line hits="1" number="20"/>
						<line hits="1" number="22"/>
						<line hits="1" number="23"/>
						<line hits="1" number="25"/>
						<line hits="1" number="26"/>
						<line hits="1" number="31"/>
						<line hits="1" number="32"/>
						<line hits="1" number="34"/>
						<line hits="1" number="35"/>
						<line hits="1" number="39"/>
						<line hits="1" number="40"/>
						<line hits="1" number="42"/>
						<line hits="1" number="43"/>
						<line hits="1" number="48"/>
						<line hits="1" number="51"/>
						<line hits="1" number="54"/>
						<line hits="1" number="62"/>
						<line hits="1" number="65"/>
						<line hits="1" number="78"/>
						<line hits="1" number="80"/>
						<line hits="1" number="91"/>
						<line hits="1" number="108"/>
						<line hits="1" number="120"/>
						<line hits="1" number="126"/>
						<line hits="1" number="141"/>
						<line hits="1" number="152"/>
						<line hits="1" number="155"/>
						<line hits="1" number="161"/>
						<line hits="1" number="168"/>
						<line hits="1" number="170"/>
						<line hits="1" number="177"/>
						<line hits="1" number="181"/>
						<line hits="1" number="183"/>
						<line hits="1" number="186"/>
						<line hits="1" number="189"/>
						<line hits="1" number="198"/>
						<line hits="1" number="200"/>
						<line hits="1" number="201"/>
						<line hits="1" number="204"/>
						<line hits="1" number="208"/>
						<line hits="1" number="214"/>
						<line hits="1" number="222"/>
						<line hits="1" number="228"/>
						<line hits="1" number="234"/>
						<line hits="1" number="240"/>
						<line hits="1" number="255"/>
						<line hits="1" number="261"/>
						<line hits="1" number="267"/>
						<line hits="1" number="273"/>
						<line hits="1" number="278"/>
						<line hits="1" number="281"/>
						<line hits="1" number="283"/>
						<line hits="1" number="286"/>
						<line hits="1" number="290"/>
						<line hits="1" number="293"/>
						<line hits="1" number="296"/>
						<line hits="1" number="299"/>
						<line hits="1" number="302"/>
						<line hits="1" number="305"/>
						<line hits="1" number="311"/>
						<line hits="1" number="316"/>
					</lines>
				</class>
				<class branch-rate="0" complexity="0" filename="src/zope/security/management.py" line-rate="1" name="src/zope/security/management">
					<methods/>
					<lines>
						<line hits="1" number="14"/>
						<line hits="1" number="17"/>
						<line hits="1" number="19"/>
						<line hits="1" number="20"/>
						<line hits="1" number="21"/>
						<line hits="1" number="22"/>
						<line hits="1" number="23"/>
						<line hits="1" number="24"/>
						<line hits="1" number="25"/>
						<line hits="1" number="28"/>
						<line hits="1" number="30"/>
						<line hits="1" number="38"/>
						<line hits="1" number="40"/>
						<line hits="1" number="42"/>
						<line hits="1" number="51"/>
						<line hits="1" number="53"/>
						<line hits="1" number="60"/>
						<line hits="1" number="61"/>
						<line hits="1" number="63"/>
						<line hits="1" number="65"/>
						<line hits="1" number="66"/>
						<line hits="1" number="67"/>
						<line hits="1" number="68"/>
						<line hits="1" number="70"/>
						<line hits="1" number="73"/>
						<line hits="1" number="75"/>
						<line hits="1" number="77"/>
						<line hits="1" number="78"/>
						<line hits="1" number="80"/>
						<line hits="1" number="82"/>
						<line hits="1" number="85"/>
						<line hits="1" number="86"/>
						<line hits="1" number="87"/>
						<line hits="1" number="91"/>
						<line hits="1" number="92"/>
						<line hits="1" number="93"/>
						<line hits="1" number="94"/>
						<line hits="1" number="96"/>
						<line hits="1" number="98"/>
						<line hits="1" number="99"/>
						<line hits="1" number="100"/>
						<line hits="1" number="101"/>
						<line hits="1" number="102"/>
						<line hits="1" number="103"/>
						<line hits="1" number="104"/>
						<line hits="1" number="105"/>
						<line hits="1" number="107"/>
						<line hits="1" number="109"/>
						<line hits="1" number="123"/>
						<line hits="1" number="124"/>
						<line hits="1" number="125"/>
						<line hits="1" number="126"/>
						<line hits="1" number="127"/>
						<line hits="1" number="128"/>
						<line hits="1" number="129"/>
						<line hits="1" number="130"/>
						<line hits="1" number="133"/>
						<line hits="1" number="135"/>
						<line hits="1" number="141"/>
						<line hits="1" number="142"/>
						<line hits="1" number="146"/>
						<line hits="1" number="147"/>
					</lines>
				</class>
				<class branch-rate="0" complexity="0" filename="src/zope/security/metaconfigure.py" line-rate="1" name="src/zope/security/metaconfigure">
					<methods/>
					<lines>
						<line hits="1" number="14"/>
						<line hits="1" number="16"/>
						<line hits="1" number="18"/>
						<line hits="1" number="20"/>
						<line hits="1" number="21"/>
						<line hits="1" number="22"/>
						<line hits="1" number="23"/>
						<line hits="1" number="24"/>
						<line hits="1" number="25"/>
						<line hits="1" number="26"/>
						<line hits="1" number="28"/>
						<line hits="1" number="29"/>
						<line hits="1" number="30"/>
						<line hits="1" number="31"/>
						<line hits="1" number="32"/>
						<line hits="1" number="33"/>
						<line hits="1" number="34"/>
						<line hits="1" number="36"/>
						<line hits="1" number="38"/>
						<line hits="1" number="39"/>
						<line hits="1" number="40"/>
						<line hits="1" number="41"/>
						<line hits="1" number="43"/>
						<line hits="1" number="45"/>
						<line hits="1" number="47"/>
						<line hits="1" number="49"/>
						<line hits="1" number="50"/>
						<line hits="1" number="51"/>
						<line hits="1" number="54"/>
						<line hits="1" number="56"/>
						<line hits="1" number="57"/>
						<line hits="1" number="58"/>
						<line hits="1" number="64"/>
						<line hits="1" number="71"/>
						<line hits="1" number="75"/>
						<line hits="1" number="76"/>
						<line hits="1" number="78"/>
						<line hits="1" number="79"/>
						<line hits="1" number="80"/>
						<line hits="1" number="81"/>
						<line hits="1" number="83"/>
						<line hits="1" number="84"/>
						<line hits="1" number="86"/>
						<line hits="1" number="87"/>
						<line hits="1" number="88"/>
						<line hits="1" number="89"/>
						<line hits="1" number="90"/>
						<line hits="1" number="91"/>
						<line hits="1" number="92"/>
						<line hits="1" number="93"/>
						<line hits="1" number="94"/>
						<line hits="1" number="95"/>
						<line hits="1" number="96"/>
						<line hits="1" number="98"/>
						<line hits="1" number="100"/>
						<line hits="1" number="106"/>
						<line hits="1" number="108"/>
						<line hits="1" number="110"/>
						<line hits="1" number="112"/>
						<line hits="1" number="113"/>
						<line hits="1" number="114"/>
						<line hits="1" number="121"/>
						<line hits="1" number="123"/>
						<line hits="1" number="129"/>
						<line hits="1" number="131"/>
						<line hits="1" number="132"/>
						<line hits="1" number="134"/>
						<line hits="1" number="136"/>
						<line hits="1" number="137"/>
						<line hits="1" number="143"/>
						<line hits="1" number="145"/>
						<line hits="1" number="146"/>
						<line hits="1" number="147"/>
						<line hits="1" number="148"/>
						<line hits="1" number="149"/>
						<line hits="1" number="154"/>
						<line hits="1" number="161"/>
						<line hits="1" number="163"/>
						<line hits="1" number="165"/>
						<line hits="1" number="168"/>
						<line hits="1" number="169"/>
						<line hits="1" number="174"/>
						<line hits="1" number="178"/>
						<line hits="1" number="184"/>
						<line hits="1" number="185"/>
						<line hits="1" number="186"/>
						<line hits="1" number="187"/>
						<line hits="1" number="189"/>
						<line hits="1" number="191"/>
						<line hits="1" number="194"/>
						<line hits="1" number="195"/>
						<line hits="1" number="198"/>
						<line hits="1" number="199"/>
						<line hits="1" number="200"/>
						<line hits="1" number="201"/>
						<line hits="1" number="202"/>
						<line hits="1" number="203"/>
						<line hits="1" number="204"/>
						<line hits="1" number="205"/>
						<line hits="1" number="206"/>
						<line hits="1" number="207"/>
						<line hits="1" number="208"/>
						<line hits="1" number="211"/>
						<line hits="1" number="213"/>
						<line hits="1" number="214"/>
						<line hits="1" number="222"/>
						<line hits="1" number="223"/>
						<line hits="1" number="224"/>
					</lines>
				</class>
				<class branch-rate="0" complexity="0" filename="src/zope/security/metadirectives.py" line-rate="1" name="src/zope/security/metadirectives">
					<methods/>
					<lines>
						<line hits="1" number="14"/>
						<line hits="1" number="16"/>
						<line hits="1" number="18"/>
						<line hits="1" number="19"/>
						<line hits="1" number="20"/>
						<line hits="1" number="21"/>
						<line hits="1" number="22"/>
						<line hits="1" number="23"/>
						<line hits="1" number="25"/>
						<line hits="1" number="26"/>
						<line hits="1" number="27"/>
						<line hits="1" number="28"/>
						<line hits="1" number="30"/>
						<line hits="1" number="33"/>
						<line hits="1" number="38"/>
						<line hits="1" number="43"/>
						<line hits="1" number="49"/>
						<line hits="1" number="54"/>
						<line hits="1" number="62"/>
						<line hits="1" number="70"/>
						<line hits="1" number="78"/>
						<line hits="1" number="86"/>
						<line hits="1" number="94"/>
						<line hits="1" number="103"/>
						<line hits="1" number="110"/>
						<line hits="1" number="116"/>
						<line hits="1" number="122"/>
						<line hits="1" number="125"/>
						<line hits="1" number="134"/>
						<line hits="1" number="141"/>
						<line hits="1" number="148"/>
						<line hits="1" number="151"/>
						<line hits="1" number="157"/>
						<line hits="1" number="165"/>
						<line hits="1" number="171"/>
						<line hits="1" number="180"/>
						<line hits="1" number="188"/>
						<line hits="1" number="194"/>
					</lines>
				</class>
				<class branch-rate="0" complexity="0" filename="src/zope/security/permission.py" line-rate="1" name="src/zope/security/permission">
					<methods/>
					<lines>
						<line hits="1" number="14"/>
						<line hits="1" number="16"/>
						<line hits="1" number="18"/>
						<line hits="1" number="20"/>
						<line hits="1" number="21"/>
						<line hits="1" number="22"/>
						<line hits="1" number="23"/>
						<line hits="1" number="24"/>
						<line hits="1" number="25"/>
						<line hits="1" number="26"/>
						<line hits="1" number="28"/>
						<line hits="1" number="29"/>
						<line hits="1" number="30"/>
						<line hits="1" number="32"/>
						<line hits="1" number="33"/>
						<line hits="1" number="35"/>
						<line hits="1" number="36"/>
						<line hits="1" number="37"/>
						<line hits="1" number="38"/>
						<line hits="1" number="40"/>
						<line hits="1" number="43"/>
						<line hits="1" number="44"/>
						<line hits="1" number="45"/>
						<line hits="1" number="46"/>
						<line hits="1" number="48"/>
						<line hits="1" number="51"/>
						<line hits="1" number="52"/>
						<line hits="1" number="53"/>
						<line hits="1" number="55"/>
						<line hits="1" number="60"/>
						<line hits="1" number="61"/>
						<line hits="1" number="62"/>
						<line hits="1" number="63"/>
						<line hits="1" number="65"/>
						<line hits="1" number="67"/>
						<line hits="1" number="79"/>
						<line hits="1" number="80"/>
						<line hits="1" number="81"/>
						<line hits="1" number="82"/>
						<line hits="1" number="83"/>
						<line hits="1" number="85"/>
						<line hits="1" number="86"/>
						<line hits="1" number="87"/>
						<line hits="1" number="88"/>
						<line hits="1" number="89"/>
						<line hits="1" number="91"/>
					</lines>
				</class>
				<class branch-rate="0" complexity="0" filename="src/zope/security/protectclass.py" line-rate="1" name="src/zope/security/protectclass">
					<methods/>
					<lines>
						<line hits="1" number="14"/>
						<line hits="1" number="17"/>
						<line hits="1" number="18"/>
						<line hits="1" number="19"/>
						<line hits="1" number="20"/>
						<line hits="1" number="23"/>
						<line hits="1" number="26"/>
						<line hits="1" number="27"/>
						<line hits="1" number="28"/>
						<line hits="1" number="29"/>
						<line hits="1" number="31"/>
						<line hits="1" number="33"/>
						<line hits="1" number="36"/>
						<line hits="1" number="37"/>
						<line hits="1" number="39"/>
						<line hits="1" number="42"/>
						<line hits="1" number="43"/>
						<line hits="1" number="44"/>
						<line hits="1" number="45"/>
						<line hits="1" number="47"/>
						<line hits="1" number="49"/>
						<line hits="1" number="58"/>
						<line hits="1" number="59"/>
						<line hits="1" number="61"/>
						<line hits="1" number="64"/>
						<line hits="1" number="65"/>
						<line hits="1" number="66"/>
						<line hits="1" number="75"/>
						<line hits="1" number="76"/>
						<line hits="1" number="78"/>
						<line hits="1" number="79"/>
						<line hits="1" number="80"/>
						<line hits="1" number="81"/>
						<line hits="1" number="83"/>
						<line hits="1" number="84"/>
						<line hits="1" number="85"/>
						<line hits="1" number="87"/>
						<line hits="1" number="88"/>
						<line hits="1" number="89"/>
					</lines>
				</class>
				<class branch-rate="0" complexity="0" filename="src/zope/security/proxy.py" line-rate="1" name="src/zope/security/proxy">
					<methods/>
					<lines>
						<line hits="1" number="14"/>
						<line hits="1" number="16"/>
						<line hits="1" number="19"/>
						<line hits="1" number="20"/>
						<line hits="1" number="21"/>
						<line hits="1" number="22"/>
						<line hits="1" number="27"/>
						<line hits="1" number="30"/>
						<line hits="1" number="33"/>
						<line hits="1" number="35"/>
						<line hits="1" number="38"/>
						<line hits="1" number="39"/>
						<line hits="1" number="42"/>
						<line hits="1" number="43"/>
						<line hits="1" number="49"/>
						<line hits="1" number="50"/>
						<line hits="1" number="53"/>
					</lines>
				</class>
				<class branch-rate="0" complexity="0" filename="src/zope/security/simplepolicies.py" line-rate="1" name="src/zope/security/simplepolicies">
					<methods/>
					<lines>
						<line hits="1" number="14"/>
						<line hits="1" number="16"/>
						<line hits="1" number="18"/>
						<line hits="1" number="19"/>
						<line hits="1" number="20"/>
						<line hits="1" number="21"/>
						<line hits="1" number="24"/>
						<line hits="1" number="25"/>
						<line hits="1" number="26"/>
						<line hits="1" number="29"/>
						<line hits="1" number="30"/>
						<line hits="1" number="31"/>
						<line hits="1" number="32"/>
						<line hits="1" number="34"/>
						<line hits="1" number="35"/>
						<line hits="1" number="36"/>
						<line hits="1" number="38"/>
						<line hits="1" number="39"/>
						<line hits="1" number="41"/>
						<line hits="1" number="42"/>
						<line hits="1" number="43"/>
						<line hits="1" number="45"/>
						<line hits="1" number="46"/>
						<line hits="1" number="48"/>
						<line hits="1" number="49"/>
						<line hits="1" number="50"/>
						<line hits="1" number="52"/>
						<line hits="1" number="56"/>
						<line hits="1" number="59"/>
						<line hits="1" number="60"/>
						<line hits="1" number="63"/>
						<line hits="1" number="64"/>
					</lines>
				</class>
				<class branch-rate="0" complexity="0" filename="src/zope/security/zcml.py" line-rate="1" name="src/zope/security/zcml">
					<methods/>
					<lines>
						<line hits="1" number="14"/>
						<line hits="1" number="16"/>
						<line hits="1" number="18"/>
						<line hits="1" number="19"/>
						<line hits="1" number="20"/>
						<line hits="1" number="21"/>
						<line hits="1" number="22"/>
						<line hits="1" number="23"/>
						<line hits="1" number="25"/>
						<line hits="1" number="26"/>
						<line hits="1" number="27"/>
						<line hits="1" number="29"/>
						<line hits="1" number="30"/>
						<line hits="1" number="34"/>
						<line hits="1" number="35"/>
						<line hits="1" number="37"/>
						<line hits="1" number="38"/>
						<line hits="1" number="40"/>
						<line hits="1" number="41"/>
						<line hits="1" number="43"/>
						<line hits="1" number="44"/>
						<line hits="1" number="59"/>
						<line hits="1" number="62"/>
						<line hits="1" number="67"/>
						<line hits="1" number="68"/>
						<line hits="1" number="73"/>
						<line hits="1" number="76"/>
						<line hits="1" number="81"/>
						<line hits="1" number="86"/>
						<line hits="1" number="91"/>
						<line hits="1" number="92"/>
						<line hits="1" number="93"/>
						<line hits="1" number="94"/>
						<line hits="1" number="95"/>
						<line hits="1" number="96"/>
						<line hits="1" number="98"/>
						<line hits="1" number="101"/>
						<line hits="1" number="106"/>
						<line hits="1" number="111"/>
						<line hits="1" number="112"/>
						<line hits="1" number="115"/>
						<line hits="1" number="116"/>
						<line hits="1" number="118"/>
					</lines>
				</class>
			</classes>
		</package>
	</packages>
</coverage>
