.E.
======================================================================
ERROR: test_1 (__main__.TestConsistencyWorks)
----------------------------------------------------------------------
Traceback (most recent call last):
  File "/usr/local/lib/python3.2/dist-packages/unittest_rand_gen_state/__init__.py", line 77, in wrapped
    fn(*args, **kwargs)
  File "_consistency_works_test_test.py", line 30, in test_1
    ddd
NameError: global name 'ddd' is not defined

----------------------------------------------------------------------
Ran 3 tests in 0.013s

FAILED (errors=1)
.E.
======================================================================
ERROR: test_1 (__main__.TestConsistencyWorks)
----------------------------------------------------------------------
Traceback (most recent call last):
  File "/usr/local/lib/python3.2/dist-packages/unittest_rand_gen_state/__init__.py", line 77, in wrapped
    fn(*args, **kwargs)
  File "_consistency_works_test_test.py", line 30, in test_1
    ddd
NameError: global name 'ddd' is not defined

----------------------------------------------------------------------
Ran 3 tests in 0.017s

FAILED (errors=1)
...
----------------------------------------------------------------------
Ran 3 tests in 0.013s

OK
...
----------------------------------------------------------------------
Ran 3 tests in 0.015s

OK
../usr/local/lib/python3.2/dist-packages/unittest_rand_gen_state/__init__.py:44: RuntimeWarning: TypeError("'int' object is not subscriptable",)
  warnings.warn(repr(e), RuntimeWarning)
E.
======================================================================
ERROR: test_1 (__main__.TestConsistencyWorks)
----------------------------------------------------------------------
Traceback (most recent call last):
  File "/usr/local/lib/python3.2/dist-packages/unittest_rand_gen_state/__init__.py", line 77, in wrapped
    fn(*args, **kwargs)
  File "_consistency_works_test_test.py", line 30, in test_1
    ddd
NameError: global name 'ddd' is not defined

----------------------------------------------------------------------
Ran 3 tests in 0.013s

FAILED (errors=1)
./usr/local/lib/python3.2/dist-packages/unittest_rand_gen_state/__init__.py:44: RuntimeWarning: TypeError("'int' object is not subscriptable",)
  warnings.warn(repr(e), RuntimeWarning)
E.
======================================================================
ERROR: test_1 (__main__.TestConsistencyWorks)
----------------------------------------------------------------------
Traceback (most recent call last):
  File "/usr/local/lib/python3.2/dist-packages/unittest_rand_gen_state/__init__.py", line 77, in wrapped
    fn(*args, **kwargs)
  File "_consistency_works_test_test.py", line 30, in test_1
    ddd
NameError: global name 'ddd' is not defined

----------------------------------------------------------------------
Ran 3 tests in 0.012s

FAILED (errors=1)
..E
======================================================================
ERROR: test_1 (__main__.TestExtWorks)
----------------------------------------------------------------------
Traceback (most recent call last):
  File "/usr/local/lib/python3.2/dist-packages/unittest_rand_gen_state/__init__.py", line 77, in wrapped
    fn(*args, **kwargs)
  File "_ext_works_test_test.py", line 21, in test_1
    ddd
NameError: global name 'ddd' is not defined

----------------------------------------------------------------------
Ran 2 tests in 0.002s

FAILED (errors=1)
.E
======================================================================
ERROR: test_1 (__main__.TestExtWorks)
----------------------------------------------------------------------
Traceback (most recent call last):
  File "/usr/local/lib/python3.2/dist-packages/unittest_rand_gen_state/__init__.py", line 77, in wrapped
    fn(*args, **kwargs)
  File "_ext_works_test_test.py", line 21, in test_1
    ddd
NameError: global name 'ddd' is not defined

----------------------------------------------------------------------
Ran 2 tests in 0.002s

FAILED (errors=1)
..E.E
======================================================================
ERROR: test_0 (_other_module.DuplicateNameTest)
----------------------------------------------------------------------
Traceback (most recent call last):
  File "/usr/local/lib/python3.2/dist-packages/unittest_rand_gen_state/__init__.py", line 77, in wrapped
    fn(*args, **kwargs)
  File "/home/atavory/UnittestRandGenState/tests/_other_module.py", line 18, in test_0
    ggg
NameError: global name 'ggg' is not defined

======================================================================
ERROR: test_0 (_yet_another_module.DuplicateNameTest)
----------------------------------------------------------------------
Traceback (most recent call last):
  File "/usr/local/lib/python3.2/dist-packages/unittest_rand_gen_state/__init__.py", line 77, in wrapped
    fn(*args, **kwargs)
  File "/home/atavory/UnittestRandGenState/tests/_yet_another_module.py", line 18, in test_0
    ggg
NameError: global name 'ggg' is not defined

----------------------------------------------------------------------
Ran 4 tests in 0.001s

FAILED (errors=2)
.
----------------------------------------------------------------------
Ran 4 tests in 1.265s

OK
